INFO [2015-08-09 09:19:44,800] clojure-agent-send-off-pool-1 - riemann.transport.tcp - TCP server 127.0.0.1 5555 online
INFO [2015-08-09 09:19:44,804] clojure-agent-send-off-pool-0 - riemann.transport.udp - UDP server 127.0.0.1 5555 16384 -1 online
INFO [2015-08-09 09:19:44,805] main - riemann.core - Hyperspace core online
ERROR [2015-08-09 09:30:12,584] main - riemann.bin - Couldn't start
java.lang.RuntimeException: EOF while reading, starting at line 60, compiling:(/Users/palaitis/Developer/riemann/learn-riemann/examples/config/riemann-2.config:109:1)
	at clojure.lang.Compiler.load(Compiler.java:7137)
	at clojure.lang.Compiler.loadFile(Compiler.java:7086)
	at clojure.lang.RT$3.invoke(RT.java:318)
	at riemann.config$include.invoke(config.clj:408)
	at riemann.bin$_main.invoke(bin.clj:68)
	at clojure.lang.AFn.applyToHelper(AFn.java:156)
	at clojure.lang.AFn.applyTo(AFn.java:144)
	at riemann.bin.main(Unknown Source)
Caused by: java.lang.RuntimeException: EOF while reading, starting at line 60
	at clojure.lang.Util.runtimeException(Util.java:221)
	at clojure.lang.LispReader.readDelimitedList(LispReader.java:1129)
	at clojure.lang.LispReader$ListReader.invoke(LispReader.java:972)
	at clojure.lang.LispReader.read(LispReader.java:183)
	at clojure.lang.Compiler.load(Compiler.java:7126)
	... 7 more
INFO [2015-08-09 09:31:51,160] clojure-agent-send-off-pool-2 - riemann.transport.tcp - TCP server 127.0.0.1 5555 online
INFO [2015-08-09 09:31:51,163] clojure-agent-send-off-pool-0 - riemann.transport.udp - UDP server 127.0.0.1 5555 16384 -1 online
INFO [2015-08-09 09:31:51,164] main - riemann.core - Hyperspace core online
INFO [2015-08-09 10:16:23,640] clojure-agent-send-off-pool-2 - riemann.transport.tcp - TCP server 127.0.0.1 5555 online
INFO [2015-08-09 10:16:23,644] clojure-agent-send-off-pool-1 - riemann.transport.udp - UDP server 127.0.0.1 5555 16384 -1 online
INFO [2015-08-09 10:16:23,646] main - riemann.core - Hyperspace core online
WARN [2015-08-09 10:16:33,625] Thread-5 - riemann.core - instrumentation service caught
java.lang.NullPointerException
	at clojure.lang.Numbers.ops(Numbers.java:961)
	at clojure.lang.Numbers.multiply(Numbers.java:146)
	at clojure.lang.Numbers.multiply(Numbers.java:3663)
	at riemann.config$eval33$stream__129.invoke(riemann-2.config:90)
	at riemann.core$stream_BANG_$fn__5727.invoke(core.clj:19)
	at riemann.core$stream_BANG_.invoke(core.clj:18)
	at riemann.core$instrumentation_service$measure__5736.invoke(core.clj:57)
	at riemann.service.ThreadService$thread_service_runner__3283$fn__3284.invoke(service.clj:71)
	at riemann.service.ThreadService$thread_service_runner__3283.invoke(service.clj:70)
	at clojure.lang.AFn.run(AFn.java:22)
	at java.lang.Thread.run(Thread.java:744)
WARN [2015-08-09 10:16:43,647] Thread-5 - riemann.core - instrumentation service caught
java.lang.NullPointerException
	at clojure.lang.Numbers.ops(Numbers.java:961)
	at clojure.lang.Numbers.multiply(Numbers.java:146)
	at clojure.lang.Numbers.multiply(Numbers.java:3663)
	at riemann.config$eval33$stream__129.invoke(riemann-2.config:90)
	at riemann.core$stream_BANG_$fn__5727.invoke(core.clj:19)
	at riemann.core$stream_BANG_.invoke(core.clj:18)
	at riemann.core$instrumentation_service$measure__5736.invoke(core.clj:57)
	at riemann.service.ThreadService$thread_service_runner__3283$fn__3284.invoke(service.clj:71)
	at riemann.service.ThreadService$thread_service_runner__3283.invoke(service.clj:70)
	at clojure.lang.AFn.run(AFn.java:22)
	at java.lang.Thread.run(Thread.java:744)
WARN [2015-08-09 10:16:53,664] Thread-5 - riemann.core - instrumentation service caught
java.lang.NullPointerException
	at clojure.lang.Numbers.ops(Numbers.java:961)
	at clojure.lang.Numbers.multiply(Numbers.java:146)
	at clojure.lang.Numbers.multiply(Numbers.java:3663)
	at riemann.config$eval33$stream__129.invoke(riemann-2.config:90)
	at riemann.core$stream_BANG_$fn__5727.invoke(core.clj:19)
	at riemann.core$stream_BANG_.invoke(core.clj:18)
	at riemann.core$instrumentation_service$measure__5736.invoke(core.clj:57)
	at riemann.service.ThreadService$thread_service_runner__3283$fn__3284.invoke(service.clj:71)
	at riemann.service.ThreadService$thread_service_runner__3283.invoke(service.clj:70)
	at clojure.lang.AFn.run(AFn.java:22)
	at java.lang.Thread.run(Thread.java:744)
WARN [2015-08-09 10:17:03,688] Thread-5 - riemann.core - instrumentation service caught
java.lang.NullPointerException
	at clojure.lang.Numbers.ops(Numbers.java:961)
	at clojure.lang.Numbers.multiply(Numbers.java:146)
	at clojure.lang.Numbers.multiply(Numbers.java:3663)
	at riemann.config$eval33$stream__129.invoke(riemann-2.config:90)
	at riemann.core$stream_BANG_$fn__5727.invoke(core.clj:19)
	at riemann.core$stream_BANG_.invoke(core.clj:18)
	at riemann.core$instrumentation_service$measure__5736.invoke(core.clj:57)
	at riemann.service.ThreadService$thread_service_runner__3283$fn__3284.invoke(service.clj:71)
	at riemann.service.ThreadService$thread_service_runner__3283.invoke(service.clj:70)
	at clojure.lang.AFn.run(AFn.java:22)
	at java.lang.Thread.run(Thread.java:744)
WARN [2015-08-09 10:17:13,706] Thread-5 - riemann.core - instrumentation service caught
java.lang.NullPointerException
	at clojure.lang.Numbers.ops(Numbers.java:961)
	at clojure.lang.Numbers.multiply(Numbers.java:146)
	at clojure.lang.Numbers.multiply(Numbers.java:3663)
	at riemann.config$eval33$stream__129.invoke(riemann-2.config:90)
	at riemann.core$stream_BANG_$fn__5727.invoke(core.clj:19)
	at riemann.core$stream_BANG_.invoke(core.clj:18)
	at riemann.core$instrumentation_service$measure__5736.invoke(core.clj:57)
	at riemann.service.ThreadService$thread_service_runner__3283$fn__3284.invoke(service.clj:71)
	at riemann.service.ThreadService$thread_service_runner__3283.invoke(service.clj:70)
	at clojure.lang.AFn.run(AFn.java:22)
	at java.lang.Thread.run(Thread.java:744)
WARN [2015-08-09 10:17:23,726] Thread-5 - riemann.core - instrumentation service caught
java.lang.NullPointerException
	at clojure.lang.Numbers.ops(Numbers.java:961)
	at clojure.lang.Numbers.multiply(Numbers.java:146)
	at clojure.lang.Numbers.multiply(Numbers.java:3663)
	at riemann.config$eval33$stream__129.invoke(riemann-2.config:90)
	at riemann.core$stream_BANG_$fn__5727.invoke(core.clj:19)
	at riemann.core$stream_BANG_.invoke(core.clj:18)
	at riemann.core$instrumentation_service$measure__5736.invoke(core.clj:57)
	at riemann.service.ThreadService$thread_service_runner__3283$fn__3284.invoke(service.clj:71)
	at riemann.service.ThreadService$thread_service_runner__3283.invoke(service.clj:70)
	at clojure.lang.AFn.run(AFn.java:22)
	at java.lang.Thread.run(Thread.java:744)
WARN [2015-08-09 10:17:33,743] Thread-5 - riemann.core - instrumentation service caught
java.lang.NullPointerException
	at clojure.lang.Numbers.ops(Numbers.java:961)
	at clojure.lang.Numbers.multiply(Numbers.java:146)
	at clojure.lang.Numbers.multiply(Numbers.java:3663)
	at riemann.config$eval33$stream__129.invoke(riemann-2.config:90)
	at riemann.core$stream_BANG_$fn__5727.invoke(core.clj:19)
	at riemann.core$stream_BANG_.invoke(core.clj:18)
	at riemann.core$instrumentation_service$measure__5736.invoke(core.clj:57)
	at riemann.service.ThreadService$thread_service_runner__3283$fn__3284.invoke(service.clj:71)
	at riemann.service.ThreadService$thread_service_runner__3283.invoke(service.clj:70)
	at clojure.lang.AFn.run(AFn.java:22)
	at java.lang.Thread.run(Thread.java:744)
WARN [2015-08-09 10:17:43,758] Thread-5 - riemann.core - instrumentation service caught
java.lang.NullPointerException
	at clojure.lang.Numbers.ops(Numbers.java:961)
	at clojure.lang.Numbers.multiply(Numbers.java:146)
	at clojure.lang.Numbers.multiply(Numbers.java:3663)
	at riemann.config$eval33$stream__129.invoke(riemann-2.config:90)
	at riemann.core$stream_BANG_$fn__5727.invoke(core.clj:19)
	at riemann.core$stream_BANG_.invoke(core.clj:18)
	at riemann.core$instrumentation_service$measure__5736.invoke(core.clj:57)
	at riemann.service.ThreadService$thread_service_runner__3283$fn__3284.invoke(service.clj:71)
	at riemann.service.ThreadService$thread_service_runner__3283.invoke(service.clj:70)
	at clojure.lang.AFn.run(AFn.java:22)
	at java.lang.Thread.run(Thread.java:744)
WARN [2015-08-09 10:17:53,774] Thread-5 - riemann.core - instrumentation service caught
java.lang.NullPointerException
	at clojure.lang.Numbers.ops(Numbers.java:961)
	at clojure.lang.Numbers.multiply(Numbers.java:146)
	at clojure.lang.Numbers.multiply(Numbers.java:3663)
	at riemann.config$eval33$stream__129.invoke(riemann-2.config:90)
	at riemann.core$stream_BANG_$fn__5727.invoke(core.clj:19)
	at riemann.core$stream_BANG_.invoke(core.clj:18)
	at riemann.core$instrumentation_service$measure__5736.invoke(core.clj:57)
	at riemann.service.ThreadService$thread_service_runner__3283$fn__3284.invoke(service.clj:71)
	at riemann.service.ThreadService$thread_service_runner__3283.invoke(service.clj:70)
	at clojure.lang.AFn.run(AFn.java:22)
	at java.lang.Thread.run(Thread.java:744)
WARN [2015-08-09 10:18:03,791] Thread-5 - riemann.core - instrumentation service caught
java.lang.NullPointerException
	at clojure.lang.Numbers.ops(Numbers.java:961)
	at clojure.lang.Numbers.multiply(Numbers.java:146)
	at clojure.lang.Numbers.multiply(Numbers.java:3663)
	at riemann.config$eval33$stream__129.invoke(riemann-2.config:90)
	at riemann.core$stream_BANG_$fn__5727.invoke(core.clj:19)
	at riemann.core$stream_BANG_.invoke(core.clj:18)
	at riemann.core$instrumentation_service$measure__5736.invoke(core.clj:57)
	at riemann.service.ThreadService$thread_service_runner__3283$fn__3284.invoke(service.clj:71)
	at riemann.service.ThreadService$thread_service_runner__3283.invoke(service.clj:70)
	at clojure.lang.AFn.run(AFn.java:22)
	at java.lang.Thread.run(Thread.java:744)
WARN [2015-08-09 10:18:13,807] Thread-5 - riemann.core - instrumentation service caught
java.lang.NullPointerException
	at clojure.lang.Numbers.ops(Numbers.java:961)
	at clojure.lang.Numbers.multiply(Numbers.java:146)
	at clojure.lang.Numbers.multiply(Numbers.java:3663)
	at riemann.config$eval33$stream__129.invoke(riemann-2.config:90)
	at riemann.core$stream_BANG_$fn__5727.invoke(core.clj:19)
	at riemann.core$stream_BANG_.invoke(core.clj:18)
	at riemann.core$instrumentation_service$measure__5736.invoke(core.clj:57)
	at riemann.service.ThreadService$thread_service_runner__3283$fn__3284.invoke(service.clj:71)
	at riemann.service.ThreadService$thread_service_runner__3283.invoke(service.clj:70)
	at clojure.lang.AFn.run(AFn.java:22)
	at java.lang.Thread.run(Thread.java:744)
WARN [2015-08-09 10:18:23,824] Thread-5 - riemann.core - instrumentation service caught
java.lang.NullPointerException
	at clojure.lang.Numbers.ops(Numbers.java:961)
	at clojure.lang.Numbers.multiply(Numbers.java:146)
	at clojure.lang.Numbers.multiply(Numbers.java:3663)
	at riemann.config$eval33$stream__129.invoke(riemann-2.config:90)
	at riemann.core$stream_BANG_$fn__5727.invoke(core.clj:19)
	at riemann.core$stream_BANG_.invoke(core.clj:18)
	at riemann.core$instrumentation_service$measure__5736.invoke(core.clj:57)
	at riemann.service.ThreadService$thread_service_runner__3283$fn__3284.invoke(service.clj:71)
	at riemann.service.ThreadService$thread_service_runner__3283.invoke(service.clj:70)
	at clojure.lang.AFn.run(AFn.java:22)
	at java.lang.Thread.run(Thread.java:744)
WARN [2015-08-09 10:18:33,842] Thread-5 - riemann.core - instrumentation service caught
java.lang.NullPointerException
	at clojure.lang.Numbers.ops(Numbers.java:961)
	at clojure.lang.Numbers.multiply(Numbers.java:146)
	at clojure.lang.Numbers.multiply(Numbers.java:3663)
	at riemann.config$eval33$stream__129.invoke(riemann-2.config:90)
	at riemann.core$stream_BANG_$fn__5727.invoke(core.clj:19)
	at riemann.core$stream_BANG_.invoke(core.clj:18)
	at riemann.core$instrumentation_service$measure__5736.invoke(core.clj:57)
	at riemann.service.ThreadService$thread_service_runner__3283$fn__3284.invoke(service.clj:71)
	at riemann.service.ThreadService$thread_service_runner__3283.invoke(service.clj:70)
	at clojure.lang.AFn.run(AFn.java:22)
	at java.lang.Thread.run(Thread.java:744)
INFO [2015-08-09 10:19:00,734] clojure-agent-send-off-pool-0 - riemann.transport.tcp - TCP server 127.0.0.1 5555 online
INFO [2015-08-09 10:19:00,738] clojure-agent-send-off-pool-2 - riemann.transport.udp - UDP server 127.0.0.1 5555 16384 -1 online
INFO [2015-08-09 10:19:00,739] main - riemann.core - Hyperspace core online
WARN [2015-08-09 10:19:10,715] Thread-5 - riemann.core - instrumentation service caught
java.lang.NullPointerException
	at clojure.lang.Numbers.ops(Numbers.java:961)
	at clojure.lang.Numbers.lt(Numbers.java:219)
	at clojure.core$_LT_.doInvoke(core.clj:868)
	at clojure.lang.RestFn.invoke(RestFn.java:442)
	at riemann.config$eval33$stream__126.invoke(riemann-2.config:94)
	at riemann.core$stream_BANG_$fn__5727.invoke(core.clj:19)
	at riemann.core$stream_BANG_.invoke(core.clj:18)
	at riemann.core$instrumentation_service$measure__5736.invoke(core.clj:57)
	at riemann.service.ThreadService$thread_service_runner__3283$fn__3284.invoke(service.clj:71)
	at riemann.service.ThreadService$thread_service_runner__3283.invoke(service.clj:70)
	at clojure.lang.AFn.run(AFn.java:22)
	at java.lang.Thread.run(Thread.java:744)
WARN [2015-08-09 10:19:20,734] Thread-5 - riemann.core - instrumentation service caught
java.lang.NullPointerException
	at clojure.lang.Numbers.ops(Numbers.java:961)
	at clojure.lang.Numbers.lt(Numbers.java:219)
	at clojure.core$_LT_.doInvoke(core.clj:868)
	at clojure.lang.RestFn.invoke(RestFn.java:442)
	at riemann.config$eval33$stream__126.invoke(riemann-2.config:94)
	at riemann.core$stream_BANG_$fn__5727.invoke(core.clj:19)
	at riemann.core$stream_BANG_.invoke(core.clj:18)
	at riemann.core$instrumentation_service$measure__5736.invoke(core.clj:57)
	at riemann.service.ThreadService$thread_service_runner__3283$fn__3284.invoke(service.clj:71)
	at riemann.service.ThreadService$thread_service_runner__3283.invoke(service.clj:70)
	at clojure.lang.AFn.run(AFn.java:22)
	at java.lang.Thread.run(Thread.java:744)
WARN [2015-08-09 10:19:30,749] Thread-5 - riemann.core - instrumentation service caught
java.lang.NullPointerException
	at clojure.lang.Numbers.ops(Numbers.java:961)
	at clojure.lang.Numbers.lt(Numbers.java:219)
	at clojure.core$_LT_.doInvoke(core.clj:868)
	at clojure.lang.RestFn.invoke(RestFn.java:442)
	at riemann.config$eval33$stream__126.invoke(riemann-2.config:94)
	at riemann.core$stream_BANG_$fn__5727.invoke(core.clj:19)
	at riemann.core$stream_BANG_.invoke(core.clj:18)
	at riemann.core$instrumentation_service$measure__5736.invoke(core.clj:57)
	at riemann.service.ThreadService$thread_service_runner__3283$fn__3284.invoke(service.clj:71)
	at riemann.service.ThreadService$thread_service_runner__3283.invoke(service.clj:70)
	at clojure.lang.AFn.run(AFn.java:22)
	at java.lang.Thread.run(Thread.java:744)
WARN [2015-08-09 10:19:40,767] Thread-5 - riemann.core - instrumentation service caught
java.lang.NullPointerException
	at clojure.lang.Numbers.ops(Numbers.java:961)
	at clojure.lang.Numbers.lt(Numbers.java:219)
	at clojure.core$_LT_.doInvoke(core.clj:868)
	at clojure.lang.RestFn.invoke(RestFn.java:442)
	at riemann.config$eval33$stream__126.invoke(riemann-2.config:94)
	at riemann.core$stream_BANG_$fn__5727.invoke(core.clj:19)
	at riemann.core$stream_BANG_.invoke(core.clj:18)
	at riemann.core$instrumentation_service$measure__5736.invoke(core.clj:57)
	at riemann.service.ThreadService$thread_service_runner__3283$fn__3284.invoke(service.clj:71)
	at riemann.service.ThreadService$thread_service_runner__3283.invoke(service.clj:70)
	at clojure.lang.AFn.run(AFn.java:22)
	at java.lang.Thread.run(Thread.java:744)
WARN [2015-08-09 10:19:50,783] Thread-5 - riemann.core - instrumentation service caught
java.lang.NullPointerException
	at clojure.lang.Numbers.ops(Numbers.java:961)
	at clojure.lang.Numbers.lt(Numbers.java:219)
	at clojure.core$_LT_.doInvoke(core.clj:868)
	at clojure.lang.RestFn.invoke(RestFn.java:442)
	at riemann.config$eval33$stream__126.invoke(riemann-2.config:94)
	at riemann.core$stream_BANG_$fn__5727.invoke(core.clj:19)
	at riemann.core$stream_BANG_.invoke(core.clj:18)
	at riemann.core$instrumentation_service$measure__5736.invoke(core.clj:57)
	at riemann.service.ThreadService$thread_service_runner__3283$fn__3284.invoke(service.clj:71)
	at riemann.service.ThreadService$thread_service_runner__3283.invoke(service.clj:70)
	at clojure.lang.AFn.run(AFn.java:22)
	at java.lang.Thread.run(Thread.java:744)
INFO [2015-08-09 10:20:30,783] clojure-agent-send-off-pool-1 - riemann.transport.tcp - TCP server 127.0.0.1 5555 online
INFO [2015-08-09 10:20:30,787] clojure-agent-send-off-pool-0 - riemann.transport.udp - UDP server 127.0.0.1 5555 16384 -1 online
INFO [2015-08-09 10:20:30,789] main - riemann.core - Hyperspace core online
INFO [2015-08-09 10:20:49,946] clojure-agent-send-off-pool-1 - riemann.transport.tcp - TCP server 127.0.0.1 5555 online
INFO [2015-08-09 10:20:49,950] clojure-agent-send-off-pool-2 - riemann.transport.udp - UDP server 127.0.0.1 5555 16384 -1 online
INFO [2015-08-09 10:20:49,951] main - riemann.core - Hyperspace core online
INFO [2015-08-09 10:21:10,660] clojure-agent-send-off-pool-2 - riemann.transport.tcp - TCP server 127.0.0.1 5555 online
INFO [2015-08-09 10:21:10,663] clojure-agent-send-off-pool-0 - riemann.transport.udp - UDP server 127.0.0.1 5555 16384 -1 online
INFO [2015-08-09 10:21:10,665] main - riemann.core - Hyperspace core online
WARN [2015-08-09 10:21:20,650] Thread-6 - riemann.core - instrumentation service caught
java.lang.NullPointerException
	at clojure.lang.Numbers.ops(Numbers.java:961)
	at clojure.lang.Numbers.multiply(Numbers.java:146)
	at clojure.lang.Numbers.multiply(Numbers.java:3663)
	at riemann.config$eval33$stream__129.invoke(riemann-2.config:90)
	at riemann.core$stream_BANG_$fn__5727.invoke(core.clj:19)
	at riemann.core$stream_BANG_.invoke(core.clj:18)
	at riemann.core$instrumentation_service$measure__5736.invoke(core.clj:57)
	at riemann.service.ThreadService$thread_service_runner__3283$fn__3284.invoke(service.clj:71)
	at riemann.service.ThreadService$thread_service_runner__3283.invoke(service.clj:70)
	at clojure.lang.AFn.run(AFn.java:22)
	at java.lang.Thread.run(Thread.java:744)
WARN [2015-08-09 10:21:30,670] Thread-6 - riemann.core - instrumentation service caught
java.lang.NullPointerException
	at clojure.lang.Numbers.ops(Numbers.java:961)
	at clojure.lang.Numbers.multiply(Numbers.java:146)
	at clojure.lang.Numbers.multiply(Numbers.java:3663)
	at riemann.config$eval33$stream__129.invoke(riemann-2.config:90)
	at riemann.core$stream_BANG_$fn__5727.invoke(core.clj:19)
	at riemann.core$stream_BANG_.invoke(core.clj:18)
	at riemann.core$instrumentation_service$measure__5736.invoke(core.clj:57)
	at riemann.service.ThreadService$thread_service_runner__3283$fn__3284.invoke(service.clj:71)
	at riemann.service.ThreadService$thread_service_runner__3283.invoke(service.clj:70)
	at clojure.lang.AFn.run(AFn.java:22)
	at java.lang.Thread.run(Thread.java:744)
WARN [2015-08-09 10:21:40,683] Thread-6 - riemann.core - instrumentation service caught
java.lang.NullPointerException
	at clojure.lang.Numbers.ops(Numbers.java:961)
	at clojure.lang.Numbers.multiply(Numbers.java:146)
	at clojure.lang.Numbers.multiply(Numbers.java:3663)
	at riemann.config$eval33$stream__129.invoke(riemann-2.config:90)
	at riemann.core$stream_BANG_$fn__5727.invoke(core.clj:19)
	at riemann.core$stream_BANG_.invoke(core.clj:18)
	at riemann.core$instrumentation_service$measure__5736.invoke(core.clj:57)
	at riemann.service.ThreadService$thread_service_runner__3283$fn__3284.invoke(service.clj:71)
	at riemann.service.ThreadService$thread_service_runner__3283.invoke(service.clj:70)
	at clojure.lang.AFn.run(AFn.java:22)
	at java.lang.Thread.run(Thread.java:744)
INFO [2015-08-09 10:21:54,675] clojure-agent-send-off-pool-3 - riemann.transport.tcp - TCP server 127.0.0.1 5555 online
INFO [2015-08-09 10:21:54,679] clojure-agent-send-off-pool-1 - riemann.transport.udp - UDP server 127.0.0.1 5555 16384 -1 online
INFO [2015-08-09 10:21:54,680] main - riemann.core - Hyperspace core online
INFO [2015-08-09 10:26:18,708] clojure-agent-send-off-pool-3 - riemann.transport.tcp - TCP server 127.0.0.1 5555 online
INFO [2015-08-09 10:26:18,711] clojure-agent-send-off-pool-0 - riemann.transport.udp - UDP server 127.0.0.1 5555 16384 -1 online
INFO [2015-08-09 10:26:18,713] main - riemann.core - Hyperspace core online
INFO [2015-08-09 10:26:38,828] Thread-7 - riemann.config - DJP: average event #riemann.codec.Event{:host Davids-MacBook-Air.local, :service riemann streams rate, :state nil, :description nil, :metric 0.8333333333333334, :tags [riemann], :time 1439130388731/1000, :ttl 20}
INFO [2015-08-09 10:26:48,854] Thread-7 - riemann.config - DJP: average event #riemann.codec.Event{:host Davids-MacBook-Air.local, :service riemann streams rate, :state nil, :description nil, :metric 3.5850551844207774, :tags [riemann], :time 719565199383/500, :ttl 20}
INFO [2015-08-09 10:26:58,876] Thread-7 - riemann.config - DJP: average event #riemann.codec.Event{:host Davids-MacBook-Air.local, :service riemann streams rate, :state nil, :description nil, :metric 13.851650144397212, :tags [riemann], :time 1439130408851/1000, :ttl 20}
INFO [2015-08-09 10:27:08,897] Thread-7 - riemann.config - DJP: average event #riemann.codec.Event{:host Davids-MacBook-Air.local, :service riemann streams rate, :state nil, :description nil, :metric 2.943788821582476, :tags [riemann], :time 179891302359/125, :ttl 20}
INFO [2015-08-09 10:27:08,899] Thread-7 - riemann.config - [DJP: IT IS HAPPENING AGAIN] #riemann.codec.Event{:host Davids-MacBook-Air.local, :service riemann streams rate, :state nil, :description nil, :metric 2.943788821582476, :tags [riemann], :time 179891302359/125, :ttl 20}
INFO [2015-08-09 10:27:19,500] Thread-7 - riemann.config - DJP: average event #riemann.codec.Event{:host Davids-MacBook-Air.local, :service riemann streams rate, :state nil, :description nil, :metric 3.0162133131891022, :tags [riemann], :time 719565214447/500, :ttl 20}
INFO [2015-08-09 10:27:19,501] Thread-7 - riemann.config - [DJP: IT IS HAPPENING AGAIN] #riemann.codec.Event{:host Davids-MacBook-Air.local, :service riemann streams rate, :state nil, :description nil, :metric 2.943788821582476, :tags [riemann], :time 179891302359/125, :ttl 20}
INFO [2015-08-09 10:27:29,309] Thread-5 - riemann.config - expired {:ttl 60, :time 359782612323/250, :state expired, :service riemann streams rate, :host Davids-MacBook-Air.local}
INFO [2015-08-09 10:27:29,311] Thread-5 - riemann.config - expired {:ttl 60, :time 143913044931/100, :state expired, :service riemann streams latency 0.99, :host Davids-MacBook-Air.local}
INFO [2015-08-09 10:27:29,312] Thread-5 - riemann.config - expired {:ttl 60, :time 1439130449311/1000, :state expired, :service riemann index size, :host Davids-MacBook-Air.local}
INFO [2015-08-09 10:27:29,313] Thread-5 - riemann.config - expired {:ttl 60, :time 1439130449313/1000, :state expired, :service riemann server udp 127.0.0.1:5555 in latency 0.0, :host Davids-MacBook-Air.local}
INFO [2015-08-09 10:27:29,314] Thread-5 - riemann.config - expired {:ttl 60, :time 719565224657/500, :state expired, :service riemann server udp 127.0.0.1:5555 in latency 0.99, :host Davids-MacBook-Air.local}
INFO [2015-08-09 10:27:29,315] Thread-5 - riemann.config - expired {:ttl 60, :time 719565224657/500, :state expired, :service riemann streams latency 0.999, :host Davids-MacBook-Air.local}
INFO [2015-08-09 10:27:29,315] Thread-5 - riemann.config - expired {:ttl 60, :time 287826089863/200, :state expired, :service riemann server udp 127.0.0.1:5555 in rate, :host Davids-MacBook-Air.local}
INFO [2015-08-09 10:27:29,316] Thread-5 - riemann.config - expired {:ttl 60, :time 359782612329/250, :state expired, :service riemann server tcp 127.0.0.1:5555 in latency 0.95, :host Davids-MacBook-Air.local}
INFO [2015-08-09 10:27:29,317] Thread-5 - riemann.config - expired {:ttl 60, :time 1439130449317/1000, :state expired, :service riemann server tcp 127.0.0.1:5555 in latency 0.999, :host Davids-MacBook-Air.local}
INFO [2015-08-09 10:27:29,318] Thread-5 - riemann.config - expired {:ttl 60, :time 1439130449317/1000, :state expired, :service riemann netty event-executor threads active, :host Davids-MacBook-Air.local}
INFO [2015-08-09 10:27:29,319] Thread-5 - riemann.config - expired {:ttl 60, :time 719565224659/500, :state expired, :service riemann server tcp 127.0.0.1:5555 in rate, :host Davids-MacBook-Air.local}
INFO [2015-08-09 10:27:29,319] Thread-5 - riemann.config - expired {:ttl 60, :time 1439130449319/1000, :state expired, :service riemann server udp 127.0.0.1:5555 in latency 0.5, :host Davids-MacBook-Air.local}
INFO [2015-08-09 10:27:29,320] Thread-5 - riemann.config - expired {:ttl 60, :time 35978261233/25, :state expired, :service riemann streams latency 0.0, :host Davids-MacBook-Air.local}
INFO [2015-08-09 10:27:29,321] Thread-5 - riemann.config - expired {:ttl 60, :time 35978261233/25, :state expired, :service riemann server udp 127.0.0.1:5555 in latency 0.95, :host Davids-MacBook-Air.local}
INFO [2015-08-09 10:27:29,321] Thread-5 - riemann.config - expired {:ttl 60, :time 1439130449321/1000, :state expired, :service riemann server tcp 127.0.0.1:5555 in latency 0.99, :host Davids-MacBook-Air.local}
INFO [2015-08-09 10:27:29,322] Thread-5 - riemann.config - expired {:ttl 60, :time 719565224661/500, :state expired, :service riemann server tcp 127.0.0.1:5555 conns, :host Davids-MacBook-Air.local}
INFO [2015-08-09 10:27:29,323] Thread-5 - riemann.config - expired {:ttl 60, :time 1439130449323/1000, :state expired, :service riemann streams latency 0.5, :host Davids-MacBook-Air.local}
INFO [2015-08-09 10:27:29,324] Thread-5 - riemann.config - expired {:ttl 60, :time 1439130449323/1000, :state expired, :service riemann server tcp 127.0.0.1:5555 in latency 0.5, :host Davids-MacBook-Air.local}
INFO [2015-08-09 10:27:29,324] Thread-5 - riemann.config - expired {:ttl 60, :time 359782612331/250, :state expired, :service riemann server tcp 127.0.0.1:5555 in latency 0.0, :host Davids-MacBook-Air.local}
INFO [2015-08-09 10:27:29,325] Thread-5 - riemann.config - expired {:ttl 60, :time 57565217973/40, :state expired, :service riemann streams latency 0.95, :host Davids-MacBook-Air.local}
INFO [2015-08-09 10:27:29,326] Thread-5 - riemann.config - expired {:ttl 60, :time 57565217973/40, :state expired, :service riemann server udp 127.0.0.1:5555 in latency 0.999, :host Davids-MacBook-Air.local}
INFO [2015-08-09 10:27:29,522] Thread-7 - riemann.config - DJP: average event #riemann.codec.Event{:host davids-air.home, :service riemann streams rate, :state nil, :description nil, :metric 3.3486954538852376, :tags [riemann], :time 1439130439497/1000, :ttl 20}
INFO [2015-08-09 10:27:29,523] Thread-7 - riemann.config - [DJP: IT IS HAPPENING AGAIN] #riemann.codec.Event{:host Davids-MacBook-Air.local, :service riemann streams rate, :state nil, :description nil, :metric 2.943788821582476, :tags [riemann], :time 179891302359/125, :ttl 20}
INFO [2015-08-09 10:27:39,551] Thread-7 - riemann.config - DJP: average event #riemann.codec.Event{:host davids-air.home, :service riemann streams rate, :state nil, :description nil, :metric 6.123579848615035, :tags [riemann], :time 1439130449517/1000, :ttl 20}
INFO [2015-08-09 10:27:39,552] Thread-7 - riemann.config - [DJP: IT IS HAPPENING AGAIN] #riemann.codec.Event{:host Davids-MacBook-Air.local, :service riemann streams rate, :state nil, :description nil, :metric 3.0162133131891022, :tags [riemann], :time 719565214447/500, :ttl 20}
INFO [2015-08-09 10:27:49,571] Thread-7 - riemann.config - DJP: average event #riemann.codec.Event{:host davids-air.home, :service riemann streams rate, :state nil, :description nil, :metric 3.489779510014904, :tags [riemann], :time 359782614887/250, :ttl 20}
INFO [2015-08-09 10:27:49,571] Thread-7 - riemann.config - [DJP: IT IS HAPPENING AGAIN] #riemann.codec.Event{:host davids-air.home, :service riemann streams rate, :state nil, :description nil, :metric 3.3486954538852376, :tags [riemann], :time 1439130439497/1000, :ttl 20}
INFO [2015-08-09 10:27:59,590] Thread-7 - riemann.config - DJP: average event #riemann.codec.Event{:host davids-air.home, :service riemann streams rate, :state nil, :description nil, :metric 3.133166927474278, :tags [riemann], :time 179891308696/125, :ttl 20}
INFO [2015-08-09 10:27:59,591] Thread-7 - riemann.config - [DJP: IT IS HAPPENING AGAIN] #riemann.codec.Event{:host davids-air.home, :service riemann streams rate, :state nil, :description nil, :metric 3.133166927474278, :tags [riemann], :time 179891308696/125, :ttl 20}
INFO [2015-08-09 10:28:09,610] Thread-7 - riemann.config - DJP: average event #riemann.codec.Event{:host davids-air.home, :service riemann streams rate, :state nil, :description nil, :metric 3.0692674397649453, :tags [riemann], :time 1439130479587/1000, :ttl 20}
INFO [2015-08-09 10:28:09,611] Thread-7 - riemann.config - [DJP: IT IS HAPPENING AGAIN] #riemann.codec.Event{:host davids-air.home, :service riemann streams rate, :state nil, :description nil, :metric 3.0692674397649453, :tags [riemann], :time 1439130479587/1000, :ttl 20}
INFO [2015-08-09 10:28:19,631] Thread-7 - riemann.config - DJP: average event #riemann.codec.Event{:host davids-air.home, :service riemann streams rate, :state nil, :description nil, :metric 3.137710423466156, :tags [riemann], :time 1439130489607/1000, :ttl 20}
INFO [2015-08-09 10:28:19,631] Thread-7 - riemann.config - [DJP: IT IS HAPPENING AGAIN] #riemann.codec.Event{:host davids-air.home, :service riemann streams rate, :state nil, :description nil, :metric 3.0692674397649453, :tags [riemann], :time 1439130479587/1000, :ttl 20}
INFO [2015-08-09 10:28:29,650] Thread-7 - riemann.config - DJP: average event #riemann.codec.Event{:host davids-air.home, :service riemann streams rate, :state nil, :description nil, :metric 3.2409708679132554, :tags [riemann], :time 359782624907/250, :ttl 20}
INFO [2015-08-09 10:28:29,651] Thread-7 - riemann.config - [DJP: IT IS HAPPENING AGAIN] #riemann.codec.Event{:host davids-air.home, :service riemann streams rate, :state nil, :description nil, :metric 3.0692674397649453, :tags [riemann], :time 1439130479587/1000, :ttl 20}
